<?xml version="1.0" encoding="UTF-8" ?>
<testsuite failures="0" time="0.011" errors="0" skipped="1" tests="2" name="com.crs.vone.vo.tests.StoryTest">
  <properties>
    <property name="java.runtime.name" value="Java(TM) SE Runtime Environment"/>
    <property name="sun.boot.library.path" value="c:\Program Files\Java\jdk1.6.0_45\jre\bin"/>
    <property name="java.vm.version" value="20.45-b01"/>
    <property name="java.vm.vendor" value="Sun Microsystems Inc."/>
    <property name="java.vendor.url" value="http://java.sun.com/"/>
    <property name="path.separator" value=";"/>
    <property name="guice.disable.misplaced.annotation.check" value="true"/>
    <property name="java.vm.name" value="Java HotSpot(TM) Client VM"/>
    <property name="file.encoding.pkg" value="sun.io"/>
    <property name="user.country" value="GB"/>
    <property name="sun.java.launcher" value="SUN_STANDARD"/>
    <property name="sun.os.patch.level" value="Service Pack 1"/>
    <property name="java.vm.specification.name" value="Java Virtual Machine Specification"/>
    <property name="user.dir" value="C:\Users\604242820\Downloads\temp\vonebd"/>
    <property name="java.runtime.version" value="1.6.0_45-b06"/>
    <property name="java.awt.graphicsenv" value="sun.awt.Win32GraphicsEnvironment"/>
    <property name="java.endorsed.dirs" value="c:\Program Files\Java\jdk1.6.0_45\jre\lib\endorsed"/>
    <property name="os.arch" value="x86"/>
    <property name="java.io.tmpdir" value="C:\Users\604242~1\AppData\Local\Temp\"/>
    <property name="line.separator" value="
"/>
    <property name="java.vm.specification.vendor" value="Sun Microsystems Inc."/>
    <property name="user.variant" value=""/>
    <property name="os.name" value="Windows 7"/>
    <property name="classworlds.conf" value="C:\Users\604242820\usr\swares\apache-maven-3.1.0\bin\m2.conf"/>
    <property name="sun.jnu.encoding" value="Cp1252"/>
    <property name="java.library.path" value="c:\Program Files\Java\jdk1.6.0_45\bin;C:\Windows\Sun\Java\bin;C:\Windows\system32;C:\Windows;C:\Users\604242820\usr\swares\Ruby200\bin;C:\Windows\system32;C:\Windows;C:\Windows\System32\Wbem;C:\Windows\System32\WindowsPowerShell\v1.0\;C:\Program Files\Windows Imaging\;C:\Program Files\ActivIdentity\ActivClient\;C:\Program Files\ThinkPad\Bluetooth Software\;C:\Program Files\Microsoft Application Virtualization Client;C:\Program Files\QuickTime\QTSystem\;C:\cygwin\bin;C:\Users\604242820\usr\swares\nodejs\;C:\Users\604242820\usr\swares\Git\cmd;C:\Program Files\Borland\StarTeam SDK 10.4\Lib;C:\Program Files\Borland\StarTeam SDK 10.4\Bin;C:\Program Files\Microsoft\Web Platform Installer\;C:\Program Files\Microsoft ASP.NET\ASP.NET Web Pages\v1.0\;C:\Program Files\Microsoft SQL Server\110\Tools\Binn\;C:\Users\604242820\usr\swares\WinSCP\;C:\Program Files\Heroku\bin;C:\Program Files\git\cmd;C:\Windows\System32\WindowsPowerShell\v1.0\;C:\Program Files\Subversion\bin;C:\Users\604242820\usr\swares\Ruby200\bin;C:\Windows\system32;C:\Windows;C:\Windows\System32\Wbem;C:\Windows\System32\WindowsPowerShell\v1.0\;C:\Program Files\Windows Imaging\;C:\Program Files\ActivIdentity\ActivClient\;C:\Program Files\ThinkPad\Bluetooth Software\;C:\Program Files\Microsoft Application Virtualization Client;C:\Program Files\QuickTime\QTSystem\;C:\cygwin\bin;C:\Users\604242820\usr\swares\nodejs\;C:\Users\604242820\usr\swares\Git\cmd;C:\Program Files\Borland\StarTeam SDK 10.4\Lib;C:\Program Files\Borland\StarTeam SDK 10.4\Bin;C:\Program Files\Microsoft\Web Platform Installer\;C:\Program Files\Microsoft ASP.NET\ASP.NET Web Pages\v1.0\;C:\Program Files\Microsoft SQL Server\110\Tools\Binn\;C:\Users\604242820\usr\swares\WinSCP\;C:\Program Files\Heroku\bin;C:\Program Files\git\cmd;C:\Windows\System32\WindowsPowerShell\v1.0\;C:\Program Files\Subversion\bin;C:\Users\604242820\usr\swares\mongodb-win32-i386-2.4.4\bin;C:\Users\604242820\usr\swares\Python27;.;C:\Users\604242820\AppData\Roaming\npm;C:\Users\604242820\usr\swares\nano-2.2.6;C:\Users\604242820\usr\swares\apache-maven-3.1.0\bin;.;."/>
    <property name="java.specification.name" value="Java Platform API Specification"/>
    <property name="java.class.version" value="50.0"/>
    <property name="sun.management.compiler" value="HotSpot Client Compiler"/>
    <property name="os.version" value="6.1"/>
    <property name="user.home" value="C:\Users\604242820"/>
    <property name="user.timezone" value="Europe/London"/>
    <property name="java.awt.printerjob" value="sun.awt.windows.WPrinterJob"/>
    <property name="file.encoding" value="Cp1252"/>
    <property name="java.specification.version" value="1.6"/>
    <property name="user.name" value="604242820"/>
    <property name="java.class.path" value="C:\Users\604242820\usr\swares\apache-maven-3.1.0\boot\plexus-classworlds-2.4.2.jar"/>
    <property name="org.slf4j.simpleLogger.defaultLogLevel" value="info"/>
    <property name="java.vm.specification.version" value="1.0"/>
    <property name="sun.arch.data.model" value="32"/>
    <property name="java.home" value="c:\Program Files\Java\jdk1.6.0_45\jre"/>
    <property name="sun.java.command" value="org.codehaus.plexus.classworlds.launcher.Launcher test"/>
    <property name="java.specification.vendor" value="Sun Microsystems Inc."/>
    <property name="user.language" value="en"/>
    <property name="awt.toolkit" value="sun.awt.windows.WToolkit"/>
    <property name="java.vm.info" value="mixed mode, sharing"/>
    <property name="java.version" value="1.6.0_45"/>
    <property name="java.ext.dirs" value="c:\Program Files\Java\jdk1.6.0_45\jre\lib\ext;C:\Windows\Sun\Java\lib\ext"/>
    <property name="sun.boot.class.path" value="c:\Program Files\Java\jdk1.6.0_45\jre\lib\resources.jar;c:\Program Files\Java\jdk1.6.0_45\jre\lib\rt.jar;c:\Program Files\Java\jdk1.6.0_45\jre\lib\sunrsasign.jar;c:\Program Files\Java\jdk1.6.0_45\jre\lib\jsse.jar;c:\Program Files\Java\jdk1.6.0_45\jre\lib\jce.jar;c:\Program Files\Java\jdk1.6.0_45\jre\lib\charsets.jar;c:\Program Files\Java\jdk1.6.0_45\jre\lib\modules\jdk.boot.jar;c:\Program Files\Java\jdk1.6.0_45\jre\classes"/>
    <property name="java.vendor" value="Sun Microsystems Inc."/>
    <property name="maven.home" value="C:\Users\604242820\usr\swares\apache-maven-3.1.0"/>
    <property name="file.separator" value="\"/>
    <property name="java.vendor.url.bug" value="http://java.sun.com/cgi-bin/bugreport.cgi"/>
    <property name="sun.cpu.endian" value="little"/>
    <property name="sun.io.unicode.encoding" value="UnicodeLittle"/>
    <property name="sun.desktop" value="windows"/>
    <property name="sun.cpu.isalist" value="pentium_pro+mmx pentium_pro pentium+mmx pentium i486 i386 i86"/>
  </properties>
  <testcase time="0.005" classname="com.crs.vone.vo.tests.StoryTest" name="testSetToDo"/>
  <testcase time="0.006" classname="com.crs.vone.vo.tests.StoryTest" name="testSetToDo2">
    <skipped/>
  </testcase>
</testsuite>